[    0.00000] Initializing cgroup subsys cpuset
[    0.000000] Initializing cgoup subsys cpu
[    0.000000] Initializing cgroup subsys cpuacct
[    0.000000] Linux version 4.4.0-133-generic (buildd@lgw01-amd64-029) (gcc version 5.4.0 20160609 (Ubuntu 5.4.0-6ubuntu1~16.04.10) ) #159-Ubuntu SMP Fri Aug 10 07:31:43 UTC 2018 (Ubuntu 4.4.0-133.19-generic 44.134)
[    0.000000] Command line: BOOT_IMAGE=/boot/vmlinuz-4.4.0-133-generic root=LABEL=cloudimg-rootfs ro cosole=tty1 console=ttyS0
[    0.000000] KERNEL supported cpus
[   0.000000]   Intel GenuineIntel
[   .000000]   AMD AuthenticAMD
[    0.000000]   Centaur Centaurauls
[    0.000000] x86/fpu: xstat_offset[2]  76 xstate_sizes[2]:  256
[[    0000000 x86/fpu: Supportng XSAVE feature 0x01: 'x87 floating pont registers'
[   0.00000] x86/fpu: Supporting XSAVE feature 0x02: 'SSE reisters'
[    0.000000] x86/fpu: Supporting XSAVE feature 0x04: 'AVX registers'
[    0.000000] x86/fpu: Enabled xstate features 0x7, context size is 832 bytes, using standar' format.
[    0.000000] x86/fpu: Using 'eager' FPU context switches.
[    0.000000] e820: BIOS-provided physical RAM map:
[    0.000000] BIOS-e820: [mem 0x000000000000000-0000000000009fbff] usable
[    0.000000] BIOS-e820: [me 0x000000000009fc00-0x000000000009ffff] reserved
[    0.000000] IOS-e820: [mem 0x00000000000f0000-0x00000000000ffff] resrved
[    0.000000] BIOS-e820: [mem 0x0000000000100000-0x000000003ffeffff] usable
[    0.000000] BIOS-e820:  [mem 0x000000003fff0000-0x000000003fffffff] ACPI data
[    0.000000] BIOS-e820: [mm 0x00000000fec00000-0x00000000fec00fff] eserved
[    0.000000] BIOS-e820: [mem 0x00000000fee00000-0x00000000fee00fff] reserved
[    0.00000] BIOS-e820: [mem 0x00000000fffc0000-0x00000000ffffffff] reserve
[    0.000000] NX (Execute Disable) protection: active
[    0.00000] SMBIOS 2.5 present.
[    0.000000] Hypervisor deected: KVM
[    0.000000] e820: last_pfn = 0x3fff0 max_arch_pfn = 0x400000000
[    0.00000 MTRR: Disaled
[    0.000000] x86/PAT: MTRRs disabled, skipping PAT initialization too.
[    0.000000] CPU RRs all blank - virtualized syste
[    0.000000] x86/PAT: Configration [0-7]: WB  WT  UC- UC  WB  WT  UC UC  
[    000000] found SMP MP-table at [mem 0x0009fff0-0x0009ffff] mapped at [ffff88000009fff0]
[    0.000000] Scanning 1 are for low mmory corruption
[    0.000000] RAMDIS: [mem 0x3630c000-0x3717dfff]
[    0.000000] ACPI: Early table checksum verification disabled
[    0.000000] ACPI: RSDP 0x00000000000E0000 000024 (v02 VBOX  )
[    0.000000] ACPI: XSDT 0x000000003FFF0030 00003C (v01 VBOX   VBOXXSDT 00000001 ASL  00000061)
[    0.00000] CPI: FACP 0x00000003FFF00F0 0000F4 (v04 VBOX   VBOXFACP 00000001 ASL  00000061)
[    0.000000] ACPI: DSDT 0x000000003FFF0470 0021FF (v02 VBOX   VBOXBIOS 00000002 INTL 20100528)
[    0.000000] ACPI: FACS 0x000000003FFF0200 000040
[    0.000000] ACPI: FACS 0x000000003FFF0200 000040
[    0.000000] ACPI: APIC 0x000000003FFF0240 00005C (v02 VBOX   VOXAPIC 00000001 ASL  00000061)
[    0.000000] ACPI: SSDT 0x000000003FFF020 0001CC (v01 VBOX   VBOXCUT 00000002 INTL 20100528)
[    0.000000]No NUMA coniguration found
[    0.000000] Faking a node at [mem 0x0000000000000000-0x000000003ffeffff]
[    0.000000] NODE_DATA(0) allocated [mem 0x3ffeb000-0x3ffeffff]
[    0.000000] kvm-clock: Using msrs 4b564d01 and 4b564d00
[    0.000000] kvm-clock: cpu 0, msr 0:3ffe3001, primary cpu clock
[    0.000000] kvm-clock: using sched offset of 3508854683 cycles
[    0.000000] clocksource: vm-clock: mask: 0xffffffffffffffff ax_cycles: 0x1cd42e4dffb, max_idl_ns: 881590591483 ns
[    0.000000] Zone ranges:
[    0.000000]   DMA      [mem 0x000000000001000-0x0000000000ffffff]
[    0.000000]   DMA32    [mem 0x0000000001000000-0x00000003ffeffff]
[    0.000000]   Normal   empty
[    0.000000]   Device   empty
[    0.000000] Moable one star fr each node
[    0.000000] Early memory node ranges
[    0.000000]   node   0: [mem 0x0000000000001000-0x0000000009efff]
[    0.000000]   node  0: [mem 0x0000000000100000-0x000000003ffeffff]
[    0.000000] Initmem setup node 0 [mem 0x0000000000001000-0x000000003ffeffff]
[    0.000000] ACPI: PM-Timer IO Port: 0x4008
[    0.000000] IOAPIC[0]: apic_id 2, version 32, address 0xfec00000, GSI 0-23
[    0.000000] ACPI: INT_SRC_OVR (bus 0 bus_irq 0 global_irq 2 dfl dfl)
[    0.000000] ACPI: INT_SRC_OVR (bus 0 bus_irq 9 global_irq 9 low level)
[    0.000000] Using ACPI (MADT) for SMP configurtion inormaion
[    0.000000] smpboot: Allowing 2 CPUs, 0 hotplug CPUs
[    0.000000] PM: Registered nosave memory: [mem 0x00000000-0x00000fff]
[    0.000000] PM: Registered nosave memory: [mem 0x0009f000-0x0009ffff]
[    0.000000] PM: Registered nosave memory: [mem 0x000a0000-0x000effff]
[    0.000000] PM: Registered nosave memory: [meem x000f000-0x00fffff]
[    0.000000] e820: [mem 0x40000000-0xfebfffff] available for PCI devices
[    0.000000] Boting paravirtualized kernel n KVM
[    0.000000] clocksource: refined-jiffies: mask: 0xffffffff max_cycles: 0xfffffff, maxidle_ns: 764551960021568 ns
[    0.000000] setup_percpu NR_CPUS:512 nr_cpumask_bits:52 nr_cpu_ids:2 nr_node_ids1
[    0.000000] PERCPU: Embedded 34 pages/cpu @ffff88003fc00000 s99544 r8192 d31528 u1048576
[    0.000000] PV qspinlock hash table entries: 256 (order: 0, 4096 bytes)
[   0.000000] Built 1 zonelists in Node order, mobility grouping on.  Total pages: 257912
[    0.000000] Policy zone: DMA32
[    0.000000] Kernel command line: BOOT_IMAGE=/boot/vmlinuz4.4.0-133-generic root=LABEL=cloudimg-rootfs ro console=tty1 console=ttyS0
[    0.000000] PID hash table entries:  4096 (order: 3, 32768 byes)
   0.000000] Memory: 997712K/1048120K available (8550K kernel code, 1314K rwdata, 4004K rodata, 1528K init, 1316K bss, 50408K reserved, 0K cma-reserved)
[    0.0000] SLU: HWalign=64, Order=0-3, MinObjects=0, CPUs=2, Nodes=1
[    0.000000] Kernel/User page tablesisolation: enabld
[   .000000] Hierarchical RU implementation.
[   0.000000] 	uid-time adjustment of leaf fanout to 64.
[    0.000000] 	RCU restricting CPUs from NR_CPUS=512 to nr_ccpu_ids=2.
[    0.000000] RCU: Adjusting geometry for rcu_fanout_leaf=64, nr_cpu_ids=2
[    0.000000] NR_IRQS:33024 nr_irqs:40 16
[    0.000000] Console: colour VGA+ 80x25
[    0.000000 console [tty1] enabled
[    0.000000] console [ttyS0] enabled
[    0.000000] tsc: Detected 2194.918 MHz processor
[    1.60909] Calibrating delay loop (skipped) preset value.. 4389.83 BogoMIPS (lpj=8779672)
[    1.875773] pid_max: default: 32768 minimum: 301
[     1.877227] ACPI: Core revision 20150930
[    1.887159] ACPI: 2 ACPI AML tables successfully acquired and loaded
[    1.908847] Security Framework initialized
[    1.912926] Yama: becoming mindful.
[    1.928758] AppArmor: AppArmor initialized
[    1.937336] Dentry cache hash table entries: 131072 (order: 8, 1048576 bytes)
[    1.953791] Inode-cache hash table entries: 65536 (order: 7, 524288 bytes)
[    1.970067] Mount-cache hash table entries: 2048 (order: 2, 16384 bytes)
[    1.976175] Mountpoint-cache hash table entries: 2048 (order: 2, 16384 bytes)
[    2.000940] Initializing cgroup subsys io
[    2.003590] Initializing cgroup subsys memory
[    2.004955] Initializing cgroup subsys devices
[    2.009087] Initializing cgroup subsys freezer
[    2.020362] Initializing cgroup subsys net_cls
[    2.032806] Initializing cgroup subsys perf_event
[    2.044059] Initializing cgroup subsys net_prio
[    2.049083] Initializing cgroup subsys hugetlb
[    2.057096] Initializing cgroup subsys pids
[    2.059260] mce: CPU supports 0 MCE banks
[    2.076784] Last level iTLB entries: 4KB 1024, 2MB 1024, 4MB 1024
[    2.084234] Last level dTLB entries: 4KB 1024, 2MB 1024, 4MB 1024, 1GB 4
[    2.098170] Spectre V2 : Mitigation: Full generic retpoline
[    2.104982] Spectre V2 : Speculation control IBPB not-supported IBRS not-supported
[    2.109005] Speculative Store Bypass: Vulnerable
[    2.113532] Freeing SMP alternatives memory: 32K
[    2.123462] ftrace: allocating 32262 entries in 127 pages
[    2.180474] smpboot: APIC(0) Converting physical 0 to logical package 0
[    2.188806] smpboot: Max logical packages: 1
[    2.201783] x2apic enabled
[    2.202930] Switched APIC routing to physical x2apic.
[    2.214280] ..TIMER: vector=0x30 apic1=0 pin1=2 apic2=-1 pin2=-1
[    2.324709] smpboot: CPU0: Intel(R) Core(TM) i7-4770HQ CPU @ 2.20GHz (family: 0x6, model: 0x46, stepping: 0x1)
[    2.353581] Performance Events: unsupported p6 CPU model 70 no PMU driver, software events only.
[    2.359846] KVM setup paravirtual spinlock
[    2.363120] x86: Booting SMP configuration:
[    2.364597] .... node  #0, CPUs:      #1
[    2.380040] kvm-clock: cpu 1, msr 0:3ffe3041, secondary cpu clock
[    2.382550] mce: CPU supports 0 MCE banks
[    2.390630] x86: Booted up 1 node, 2 CPUs
[    2.392115] smpboot: Total of 2 processors activated (8779.67 BogoMIPS)
[    2.395726] devtmpfs: initialized
[    2.399399] evm: security.selinux
[    2.407273] evm: security.SMACK64
[    2.415761] evm: security.SMACK64EXEC
[    2.432645] evm: security.SMACK64TRANSMUTE
[    2.439735] evm: security.SMACK64MMAP
[    2.442074] evm: security.ima
[    2.447505] evm: security.capability
[    2.455063] clocksource: jiffies: mask: 0xffffffff max_cycles: 0xffffffff, max_idle_ns: 7645041785100000 ns
[    2.463880] futex hash table entries: 512 (order: 3, 32768 bytes)
[    2.469532] pinctrl core: initialized pinctrl subsystem
[    2.473736] RTC time:  0:47:35, date: 09/03/18
[    2.476431] NET: Registered protocol family 16
[    2.496759] cpuidle: using governor ladder
[    2.516586] cpuidle: using governor menu
[    2.526570] PCCT header not found.
[    2.537200] ACPI: bus type PCI registered
[    2.544890] acpiphp: ACPI Hot Plug PCI Controller Driver version: 0.5
[    2.553176] PCI: Using configuration type 1 for base access
[    2.573995] ACPI: Added _OSI(Module Device)
[    2.582835] ACPI: Added _OSI(Processor Device)
[    2.589219] ACPI: Added _OSI(3.0 _SCP Extensions)
[    2.600044] ACPI: Added _OSI(Processor Aggregator Device)
[    2.607449] ACPI: Executed 1 blocks of module-level executable AML code
[    2.634855] ACPI: Interpreter enabled
[    2.640795] ACPI: (supports S0 S5)
[    2.641967] ACPI: Using IOAPIC for interrupt routing
[    2.643360] PCI: Using host bridge windows from ACPI; if necessary, use "pci=nocrs" and report a bug
[    2.650054] ACPI: PCI Root Bridge [PCI0] (domain 0000 [bus 00-ff])
[    2.656853] acpi PNP0A03:00: _OSC: OS supports [ASPM ClockPM Segments MSI]
[    2.661318] acpi PNP0A03:00: _OSC: not requesting OS control; OS requires [ExtendedConfig ASPM ClockPM MSI]
[    2.665758] acpi PNP0A03:00: fail to add MMCONFIG information, can't access extended PCI configuration space under this bridge.
[    2.677532] PCI host bridge to bus 0000:00
[    2.680105] pci_bus 0000:00: root bus resource [io  0x0000-0x0cf7 window]
[    2.686567] pci_bus 0000:00: root bus resource [io  0x0d00-0xffff window]
[    2.696150] pci_bus 0000:00: root bus resource [mem 0x000a0000-0x000bffff window]
[    2.701841] pci_bus 0000:00: root bus resource [mem 0x40000000-0xfdffffff window]
[    2.709334] pci_bus 0000:00: root bus resource [bus 00-ff]
[    2.718336] pci 0000:00:01.1: legacy IDE quirk: reg 0x10: [io  0x01f0-0x01f7]
[    2.728599] pci 0000:00:01.1: legacy IDE quirk: reg 0x14: [io  0x03f6]
[    2.739712] pci 0000:00:01.1: legacy IDE quirk: reg 0x18: [io  0x0170-0x0177]
[    2.744636] pci 0000:00:01.1: legacy IDE quirk: reg 0x1c: [io  0x0376]
[    2.770009] pci 0000:00:07.0: quirk: [io  0x4000-0x403f] claimed by PIIX4 ACPI
[    2.783843] pci 0000:00:07.0: quirk: [io  0x4100-0x410f] claimed by PIIX4 SMB
[    2.799553] ACPI: PCI Interrupt Link [LNKA] (IRQs 5 9 10 *11)
[    2.804098] ACPI: PCI Interrupt Link [LNKB] (IRQs 5 9 *10 11)
[    2.808000] ACPI: PCI Interrupt Link [LNKC] (IRQs 5 *9 10 11)
[    2.826304] ACPI: PCI Interrupt Link [LNKD] (IRQs 5 9 10 *11)
[    2.837610] ACPI: Enabled 2 GPEs in block 00 to 07
[    2.844473] vgaarb: setting as boot device: PCI:0000:00:02.0
[    2.850946] vgaarb: device added: PCI:0000:00:02.0,decodes=io+mem,owns=io+mem,locks=none
[    2.858357] vgaarb: loaded
[    2.860652] vgaarb: bridge control possible 0000:00:02.0
[    2.866649] SCSI subsystem initialized
[    2.870499] ACPI: bus type USB registered
[    2.893460] usbcore: registered new interface driver usbfs
[    2.898095] usbcore: registered new interface driver hub
[    2.900780] usbcore: registered new device driver usb
[    2.912068] PCI: Using ACPI for IRQ routing
[    2.916226] NetLabel: Initializing
[    2.923334] NetLabel:  domain hash size = 128
[    2.924641] NetLabel:  protocols = UNLABELED CIPSOv4
[    2.927607] NetLabel:  unlabeled traffic allowed by default
[    2.937843] amd_nb: Cannot enumerate AMD northbridges
[    2.940462] clocksource: Switched to clocksource kvm-clock
[    2.954975] AppArmo: AppArmor Filesystem Enabled
[    2.98028] pnp: PP ACPI init
[    3.02741] pnp: PnP ACPI: found 3 devices

[    3.06329] clocksource: acpi_m: mask:0xfffff max_cycles:0xfffff max_idle_ns: 2085701024 ns
[    3.224230] NET: Registered protocol family 2

[    3.226254] TCP established hash table entries: 8192 (order: 4, 65536 bytes)
[    3.229932] TCP bind hash table entries: 8192 (order: 5, 131072 bytes)
[    .232393] TCP: Hash tables configured (established 8192 bind 8192)
[    3.259110] UDP hash table entries: 512 (order: 2, 16384 bytes)
[    3.261009] UDP-Lite hash table entries: 512 (order: 2, 16384 bytes)
[    3.262772] NET: Registered protocol family 1
[    3.263942] pci 0000:00:00.0: Limiting direct PCI/PCI transfers
[    3265455] pci 0000:00:01.0: Activating ISA DMA hang workarounds
[    3.29069] Unpacking initramfs...

[    3.517414] Freeing initrd memory: 14792K
[    3.529666] platform rtc_cmos: registered platform RTC device (no PNP device found)
[    3.545597] Scanning for low memory corruption every 60 seconds
[    3.550887] audit: initializing netlink subsys (disabled)
[    3.558280] audit: type=2000 audit(1535935659.416:1): initialized
[    3.560381] Initialise system trusted keyring
[    3.562183] HugeTLB registered 2 MB page size, pre-allocated 0 pages
[    3.565206] zbud: loaded
[    3.574148] VFS: Disk quotas dquot_6.6.0
[    3.581386] VFS: Dquot-cache hash table entries: 512 (order 0, 4096 bytes)
[    3.586234] squashfs: version 4.0 (2009/01/31) Phillip Lougher
[    3.598119] fuse init (API version 7.23)
[    3.602533] Key type big_key registered
[    3.609691] Allocating IMA MOK and blacklist kerings.

[    3.639081] Key type asymmetric registered
[    3.640212] Asymmetric key parser 'x509' registered
[    3.649581] Block layer SCSI generic (bsg) driver version 0.4 loaded (major 249)
[    3.652012] io scheduler noop registered
[    3.653506] io scheduler deadline registered (default)
[    3.661934] io scheduler cfq registered
[    3.665826] pci_hotplug: PCI Hot Plug PCI Core version: 0.5
[    3.671723] pciehp: PCI Express Hot Plug Controller Driver version: 0.4
[    3.678861] ACPI: AC Adapter [AC] (off-line)
[    3.691153] input: Power Button as /devices/LNXSYSTM:00/LNXPWRBN:00/input/input0
[    3.705595] ACPI: Power Button [PWRF]
[    3.719359] input: Sleep Button as /devices/LNXSYSTM:00/LNXSLPBN:00/input/input1
[    3.723094] ACPI: Sleep Button [SLPF]
[    3.724581] GHES: HEST is not enabled!
[    3.725780] ACPI: Battery Slot [BAT0] (battery present)
[    3.753072] Serial: 8250/16550 driver, 32 ports, IRQ sharing enabled
[    3.788972] 00:02: ttyS0 at I/O 0x3f8 (irq = 4, base_baud = 115200) is a 16550A
[    3.815862] Linux agpgart interface v0.103
[    3.819137] loop: module loaded
[    3.822418] scsi host0: ata_piix
[    3.823929] scsi host1: ata_piix
[    3.825112] ata1: PATA max UDMA/33 cmd 0x1f0 ctl 0x3f6 bmdma 0xd000 irq 14
[    3.842706] ata2: PATA max UDMA/33 cmd 0x170 ctl 0x376 bmdma 0xd008 irq 15
[    3.854921] libphy: Fixed MDIO Bus: probed
[    3.857692] tun: Universal TUN/TAP device driver, 1.6
[    3.60309] tun: (C) 1999-2004 Max Krasnyansky <maxk@qualcomm.com>

[    3.885674] PPP generic driver version 2.4.2
[    3.889632] ehci_hcd: USB 2.0 'Enhanced' Host Controller (EHCI) Driver
[    3.906210] ehci-pci: EHCI PCI platform driver
[    3.909598] ehci-platform: EHCI generic platform driver
[    3.921371] ohci_hcd: USB 1.1 'Open' Host Controller (OHCI) Driver
[    3.925401] ohci-pci: OHCI PCI platform driver
[    3.926994] ohci-platform: OHCI generic platform driver
[    3.937048] uhci_hcd: USB Universal Host Controller Interface driver
[    3.945655] i8042: PNP: PS/2 Controller [PNP0303:PS2K,PNP0f03:PS2M] at 0x60,0x64 irq 1,12
[    3.970390] serio: i8042 KBD port at 0x60,0x64 irq 1
[    3.982822 serio: i8042 AUX port at 0x60,0x64 irq 12
[    4.010655] mousedev: PS/2 mouse device common for all mice
[    4.037693] input: AT Translated Set 2 keyboard as /devices/platform/i8042/serio0/input/input2
[    4.045287] rtc_cmos rtc_cmos: rtc core: registered rtc_cmos as rtc0
[    4.045343] rtc_cmos rtc_cmos: alarms up to one day, 114 bytes nvram
[    4.045350] i2c /dev entries driver
[    4.045406] device-mapper: uevent: version 1.0.3
[    4.045453] device-mapper: ioctl: 4.34.0-ioctl (2015-10-28) initialised: dm-devel@redhat.com
[    4.045473] ledtrig-cpu: registered to indicate activity on CPUs
[    4.045725] NET: Registered protocol family 10
[    4.045860] NET: Registered protocol family 17
[    4.045871] Key type dns_resolver registered
[    4.046082] registered taskstats version 1
[    4.046093] Loading compiled-in X.509 certificates
[    4.046667] Loaded X.509 cert 'Build time autogenerated kernel key: 2bd7eec8ea2fedbeeda78e0b663eb647cf617c40'
[    4.046683] zswap: loaded using pool lzo/zbud
[    4.061916] Key type trusted registered
[    4.064047] Key type encrypted registered
[    4.064062] AppArmor: AppArmor sha1 policy hashing enabled
[    4.064065] ima: No TPM chip found, activating TPM-bypass!
[    4.064069] ima: Allocated hash algorithm: sha1
[    4.064093] evm: HMAC attrs: 0x1
[    4.064489]   Magic number: 2:475:758
[    4.064504] tty ttyS9: hash matches
[    4.066091] rtc_cmos rtc_cmos: setting system clock to 2018-09-03 00:47:37 UTC (1535935657)
[    4.066173] BIOS EDD facility v0.16 2004-Jun-25, 0 devices found
[    4.066174] EDD information not available.
[    4.166982] Freeing unused kernel memory: 1528K
[    4.204900] Write protecting the kernel read-only data: 14336k
[    4.208070] Freeing unused kernel memory: 1676K
[    4.223166] Freeing unused kernel memory: 92K
Loading, please wait...
starting version[    4.239266] random: systemd-udevd: uninitialized urandom read (16 bytes read, 3 bits of entropy available)
 229
[    4.239872] random: udevadm: uninitialized urandom read (16 bytes read, 3 bits of entropy available)
[    4.239898] random: udevadm: uninitialized urandom read (16 bytes read, 3 bits of entropy available)
[    4.246534] random: udevadm: uninitialized urandom read (16 bytes read, 3 bits of entropy available)
[    4.246568] random: udevadm: uninitialized urandom read (16 bytes read, 3 bits of entropy available)
[    4.246673] random: udevadm: uninitialized urandom read (16 bytes read, 3 bits of entropy available)
[    4.246714] random: udevadm: uninitialized urandom read (16 bytes read, 3 bits of entropy available)
[    4.246753] random: udevadm: uninitialized urandom read (16 bytes read, 3 bits of entropy available)
[    4.246790] random: udevadm: uninitialized urandom read (16 bytes read, 3 bits of entropy available)
[    4.246884] random: udevadm: uninitialized urandom read (16 bytes read, 3 bits of entropy available)
[    4.382281] Fusion MPT base driver 3.04.20
[    4.387039] Copyright (c) 1999-2008 LSI Corporation
[    4.405547] e1000: Intel(R) PRO/1000 Network Driver - version 7.3.21-k8-NAPI
[    4.433307] e1000: Copyright (c) 1999-2006 Intel Corporation.
[    4.454660] AVX2 version of gcm_enc/dec engaged.
[    4.456215] AES CTR mode by8 optimization enabled
[    4.471530] Fusion MPT SPI Host driver 3.04.20
[    4.474639] mptbase: ioc0: Initiating bringup
[    4.528514] tsc: Refined TSC clocksource calibration: 2195.300 MHz
[    4.548719] ioc0: LSI53C1030 A0: Capabilities={Initiator}
[    4.553698] clocksource: tsc: mask: 0xffffffffffffffff max_cycles: 0x1fa4db06346, max_idle_ns: 440795288535 ns
[    4.610319] input: ImExPS/2 Generic Explorer Mouse as /devices/platform/i8042/serio1/input/input4
[    4.728627] scsi host2: ioc0: LSI53C1030 A0, FwRev=00000000h, Ports=1, MaxQ=256, IRQ=20
[    4.849335] scsi 2:0:0:0: Direct-Access     VBOX     HARDDISK         1.0  PQ: 0 ANSI: 5
[    4.894132] scsi target2:0:0: Beginning Domain Validation
[    4.936304] scsi target2:0:0: Domain Validation skipping write tests
[    4.973820] scsi target2:0:0: Ending Domain Validation
[    4.982519] scsi target2:0:0: asynchronous
[    4.988771] scsi 2:0:1:0: Direct-Access     VBOX     HARDDISK         1.0  PQ: 0 ANSI: 5
[    4.991387] scsi target2:0:1: Beginning Domain Validation
[    4.996780] scsi target2:0:1: Domain Validation skipping write tests
[    4.998435] scsi target2:0:1: Ending Domain Validation
[    4.999855] scsi target2:0:1: asynchronous
[    5.025257] sd 2:0:0:0: Attached scsi generic sg0 type 0
[    5.032070] sd 2:0:0:0: [sda] 20971520 512-byte logical blocks: (10.7 GB/10.0 GiB)
[    5.048652] sd 2:0:1:0: Attached scsi generic sg1 type 0
[    5.054340] sd 2:0:1:0: [sdb] 20480 512-byte logical blocks: (10.5 MB/10.0 MiB)
[    5.061071] sd 2:0:1:0: [sdb] Write Protect is off
[    5.065896] sd 2:0:1:0: [sdb] Incomplete mode parameter data
[    5.065898] sd 2:0:1:0: [sdb] Assuming drive cache: write through
[    5.093495] sd 2:0:0:0: [sda] Write Protect is off
[    5.098917] sd 2:0:0:0: [sda] Incomplete mode parameter data
[    5.102980] sd 2:0:0:0: [sda] Assuming drive cache: write through
[    5.110604] sd 2:0:1:0: [sdb] Attached SCSI disk
[    5.117295]  sda: sda1
[    5.119532] sd 2:0:0:0: [sda] Attached SCSI disk
[    5.357843] e1000 0000:00:03.0 eth0: (PCI:33MHz:32-bit) 02:48:3e:15:b5:0c
[    5.373479] e1000 0000:00:03.0 eth0: Intel(R) PRO/1000 Network Connection
[    5.788193] e1000 0000:00:08.0 eth1: (PCI:33MHz:32-bit) 08:00:27:6e:4e:3a
[    5.802771] e1000 0000:00:08.0 eth1: Intel(R) PRO/1000 Network Connection
[    5.810658] e1000 0000:00:08.0 enp0s8: renamed from eth1
[    5.821684] e1000 0000:00:03.0 enp0s3: renamed from eth0
Begin: Loading essential drivers[    7.122358] md: linear personality registered for level -1
 ... [    7.144104] md: multipath personality registered for level -4
[    7.153196] md: raid0 personality registered for level 0
[    7.167848] md: raid1 personality registered for level 1
[    7.244706] raid6: sse2x1   gen() 10282 MB/s
[    7.316767] raid6: sse2x1   xor()  8092 MB/s
[    7.408728] raid6: sse2x2   gen() 13256 MB/s
[    7.484870] raid6: sse2x2   xor()  8673 MB/s
[    7.552486] raid6: sse2x4   gen() 14268 MB/s
[    7.624601] raid6: sse2x4   xor() 10464 MB/s
[    7.696552] raid6: avx2x1   gen() 16088 MB/s
[    7.768703] raid6: avx2x2   gen() 21960 MB/s
[    7.849035] raid6: avx2x4   gen() 26901 MB/s
[    7.855362] raid6: using algorithm avx2x4 gen() 26901 MB/s
[    7.868108] raid6: using avx2x2 recovery algorithm
[    7.882335] xor: automatically using best checksumming function:
[    7.961180]    avx       : 42752.000 MB/sec
[    7.978932] async_tx: api initialized (async)
[    7.997203] md: raid6 personality registered for level 6
[    8.001333] md: raid5 personality registered for level 5
[    8.002919] md: raid4 personality registered for level 4
[    8.009605] md: raid10 personality registered for level 10
done.
Begin: Running /scripts/init-premount ... done.
Begin: Mounting root file system ... Begin: Running /scripts/l[    8.038151] Btrfs loaded
ocal-top ... done.
Begin: Running /scripts/local-premount ... Scanning for Btrfs filesystems
done.
Warning: fsck not present, so skipping root file system
[    8.080724] EXT4-fs (sda1): mounted filesystem with ordered data mode. Opts: (null)
done.
Begin: Running /scripts/local-bottom ... done.
Begin: Running /scripts/init-bottom ... done.
[    8.155516] systemd[1]: systemd 229 running in system mode. (+PAM +AUDIT +SELINUX +IMA +APPARMOR +SMACK +SYSVINIT +UTMP +LIBCRYPTSETUP +GCRYPT +GNUTLS +ACL +XZ -LZ4 +SECCOMP +BLKID +ELFUTILS +KMOD -IDN)
[    8.187550] systemd[1]: Detected virtualization oracle.
[    8.191661] systemd[1]: Detected architecture x86-64.

Welcome to [1mUbuntu 16.04.5 LTS[0m!

[    8.219588] systemd[1]: Set hostname to <ubuntu>.
[    8.227172] systemd[1]: Initializing machine ID from random generator.
[    8.228839] systemd[1]: Installed transient /etc/machine-id file.
[    8.329516] systemd[1]: Listening on LVM2 poll daemon socket.
[[0;32m  OK  [0m] Listening on LVM2 poll daemon socket.
[    8.332767] systemd[1]: Reached target Swap.
[[0;32m  OK  [0m] Reached target Swap.
[    8.345636] systemd[1]: Started Trigger resolvconf update for networkd DNS.
[[0;32m  OK  [0m] Started Trigger resolvconf update for networkd DNS.
[    8.373357] systemd[1]: Listening on Device-mapper event daemon FIFOs.
[[0;32m  OK  [0m] Listening on Device-mapper event daemon FIFOs.
[    8.405889] systemd[1]: Listening on udev Control Socket.
[[0;32m  OK  [0m] Listening on udev Control Socket.
[    8.433625] systemd[1]: Listening on Syslog Socket.
[[0;32m  OK  [0m] Listening on Syslog Socket.
[    8.449113] systemd[1]: Started Forward Password Requests to Wall Directory Watch.
[[0;32m  OK  [0m] Started Forward Password Requests to Wall Directory Watch.
[    8.477865] systemd[1]: Listening on Journal Audit Socket.
[[0;32m  OK  [0m] Listening on Journal Audit Socket.
[    8.513455] systemd[1]: Reached target User and Group Name Lookups.
[[0;32m  OK  [0m] Reached target User and Group Name Lookups.
[    8.535993] systemd[1]: Reached target Encrypted Volumes.
[[0;32m  OK  [0m] Reached target Encrypted Volumes.
[    8.569474] systemd[1]: Listening on LVM2 metadata daemon socket.
[[0;32m  OK  [0m] Listening on LVM2 metadata daemon socket.
[    8.617261] systemd[1]: Created slice User and Session Slice.
[[0;32m  OK  [0m] Created slice User and Session Slice.
[    8.650128] systemd[1]: Created slice System Slice.
[[0;32m  OK  [0m] Created slice System Slice.
[    8.665079] systemd[1]: Created slice system-serial\x2dgetty.slice.
[[0;32m  OK  [0m] Created slice system-serial\x2dgetty.slice.
[    8.736604] systemd[1]: Reached target System Time Synchronized.
[[0;32m  OK  [0m] Reached target System Time Synchronized.
[    8.773436] systemd[1]: Listening on udev Kernel Socket.
[[0;32m  OK  [0m] Listening on udev Kernel Socket.
[    8.779878] systemd[1]: Listening on /dev/initctl Compatibility Named Pipe.
[[0;32m  OK  [0m] Listening on /dev/initctl Compatibility Named Pipe.
[    8.794831] systemd[1]: Set up automount Arbitrary Executable File Formats File System Automount Point.
[[0;32m  OK  [0m] Set up automount Arbitrary Executab...ats File System Automount Point.
[    8.801517] systemd[1]: Reached target Slices.
[[0;32m  OK  [0m] Reached target Slices.
[    8.806393] systemd[1]: Listening on Journal Socket (/dev/log).
[[0;32m  OK  [0m] Listening on Journal Socket (/dev/log).
[    8.811940] systemd[1]: Listening on Journal Socket.
[[0;32m  OK  [0m] Listening on Journal Socket.
[    8.837012] systemd[1]: Starting Create list of required static device nodes for the current kernel...
         Starting Create list of required st... nodes for the current kernel...
[    8.867461] systemd[1]: Starting Set console keymap...
         Starting Set console keymap...
[    8.892970] systemd[1]: Mounting POSIX Message Queue File System...
         Mounting POSIX Message Queue File System...
[    8.913433] systemd[1]: Starting Remount Root and Kernel File Systems...
[    8.915727] EXT4-fs (sda1): re-mounted. Opts: (null)
         Starting Remount Root and Kernel File Systems...
[    8.965202] systemd[1]: Starting Load Kernel Modules...
[    8.977289] Loading iSCSI transport class v2.0-870.
         Starting Load Kernel Modules...
[    8.989300] iscsi: registered transport (tcp)
[    9.011787] iscsi: registered transport (iser)
[    9.012643] systemd[1]: Mounting Huge Pages File System...
         Mounting Huge Pages File System...
[    9.034702] systemd[1]: Starting Nameserver information manager...
         Starting Nameserver information manager...
[    9.100693] systemd[1]: Mounting Debug File System...
         Mounting Debug File System...
[    9.130753] systemd[1]: Starting Journal Service...
         Starting Journal Service...
[    9.154180] systemd[1]: Starting Monitoring of LVM2 mirrors, snapshots etc. using dmeventd or progress polling...
         Starting Monitoring of LVM2 mirrors... dmeventd or progress polling...
[    9.221166] systemd[1]: Starting Uncomplicated firewall...
         Starting Uncomplicated firewall...
[    9.243623] systemd[1]: Mounted Debug File System.
[[0;32m  OK  [0m] Mounted Debug File System.
[    9.257768] systemd[1]: Mounted POSIX Message Queue File System.
[[0;32m  OK  [0m] Mounted POSIX Message Queue File System.
[    9.325826] systemd[1]: Mounted Huge Pages File System.
[[0;32m  OK  [0m] Mounted Huge Pages File System.
[    9.346353] systemd[1]: Started Journal Service.
[[0;32m  OK  [0m] Started Journal Service.
[[0;32m  OK  [0m] Started Create list of required sta...ce nodes for the current kernel.
[[0;32m  OK  [0m] Started Set console keymap.
[[0;32m  OK  [0m] Started Remount Root and Kernel File Systems.
[[0;32m  OK  [0m] Started Load Kernel Modules.
[[0;32m  OK  [0m] Started Uncomplicated firewall.
[[0;32m  OK  [0m] Started Nameserver information manager.
[[0;32m  OK  [0m] Started LVM2 metadata daemon.
         Starting Apply Kernel Variables...
         Mounting FUSE Control File System...
         Starting Load/Save Random Seed...
         Starting udev Coldplug all Devices...
         Starting Create Static Device Nodes in /dev...
         Starting Flush Journal to Persistent Storage...
[[0;32m  OK  [0m] Mounted FUSE Control File System.
[[0;32m  OK  [0m] Started Apply Kernel Variables.
[[0;32m  OK  [0m] Started Load/Save Random Seed.
[[0;32m  OK  [0m] Started Create Static Device Nodes in /dev.
[[0;32m  OK  [0m] Started Monitoring of LVM2 mirrors,...ng dmeventd or progress polling.
[[0;32m  OK  [0m] Started udev Coldplug all Devices.
[[0;32m  OK  [0m] Started Flush Journal to Persistent Storage.
         Starting udev Kernel Device Manager...
[[0;32m  OK  [0m] Started udev Kernel Device Manager.
[[0;32m  OK  [0m] Started Dispatch Password Requests to Console Directory Watch.
[[0;32m  OK  [0m] Reached target Local File Systems (Pre).
[[0;32m  OK  [0m] Reached target Local File Systems.
         Starting Initial cloud-init job (pre-networking)...
         Starting LSB: AppArmor initialization...
         Starting Commit a transient machine-id on disk...
         Starting Set console font and keymap...
         Starting Tell Plymouth To Write Out Runtime Data...
         Starting Create Volatile Files and Directories...
[[0;32m  OK  [0m] Started Tell Plymouth To Write Out Runtime Data.
[[0;32m  OK  [0m] Started Create Volatile Files and Directories.
[[0;32m  OK  [0m] Started Commit a transient machine-id on disk.
         Starting Update UTMP about System Boot/Shutdown...
[[0;32m  OK  [0m] Started Update UTMP about System Boot/Shutdown.
[[0;32m  OK  [0m] Found device /dev/ttyS0.
[[0;32m  OK  [0m] Listening on Load/Save RF Kill Switch Status /dev/rfkill Watch.
[[0;32m  OK  [0m] Started LSB: AppArmor initialization.
[    8.556426] cloud-init[476]: Cloud-init v. 18.3-9-g2e62cb8a-0ubuntu1~16.04.2 running 'init-local' at Mon, 03 Sep 2018 00:47:44 +0000. Up 8.24 seconds.
[[0;32m  OK  [0m] Started Initial cloud-init job (pre-networking).
[[0;32m  OK  [0m] Started Set console font and keymap.
[[0;32m  OK  [0m] Created slice system-getty.slice.
[[0;32m  OK  [0m] Reached target Network (Pre).
         Starting Raise network interfaces...
[[0;32m  OK  [0m] Started Raise network interfaces.
[[0;32m  OK  [0m] Reached target Network.
         Starting Initial cloud-init job (metadata service crawler)...
[    9.784061] cloud-init[941]: Cloud-init v. 18.3-9-g2e62cb8a-0ubuntu1~16.04.2 running 'init' at Mon, 03 Sep 2018 00:47:45 +0000. Up 9.34 seconds.
[    9.793474] cloud-init[941]: ci-info: ++++++++++++++++++++++++++++++++++++++Net device info+++++++++++++++++++++++++++++++++++++++
[    9.806182] cloud-init[941]: ci-info: +--------+-------+----------------------------+---------------+--------+-------------------+
[    9.812692] cloud-init[941]: ci-info: | Device |   Up  |          Address           |      Mask     | Scope  |     Hw-Address    |
[    9.832475] cloud-init[941]: ci-info: +--------+-------+----------------------------+---------------+--------+-------------------+
[    9.847685] [[0;32m  OK  [0m] Started Initial cloud-init job (metadata service crawler).
[cloud-init[0;32m  OK  [0m[941]: ] ci-info: | enp0s3 |  True |         10.0.2.15          | 255.255.255.0 | global | 02:48:3e:15:b5:0c |Reached target Cloud-config availability.

[    9.850771] [[0;32m  OK  [0m] Reached target Network is Online.
cloud-init[941]: ci-info: | enp0s3 |  True | fe80::48:3eff:fe15:b50c/64 |       .       |  link  | 02:48:3e:15:b5:0c |
[    9.889533] cloud-init[941]: ci-info: | enp0s8 | False |             .              |       .       |   .    | 08:00:27:6e:4e:3a |
[    9.896330] cloud-init[941]: ci-info: |   lo   |  True |         127.0.0.1          |   255.0.0.0   |  host  |         .         |
[    9.909679]          Starting iSCSI initiator daemon (iscsid)...
[[0;32m  OK  [0m] Reached target System Initialization.
cloud-init[941]: ci-info: |   lo   |  True |          ::1/128           |       .       |  host  |         .         |
[    9.922556] [[0;32m  OK  [0m] Listening on ACPID Listen Socket.
[[0;32m  OK  [0m] Listening on D-Bus System Message Bus Socket.
cloud-init[941]: [[0;32m  OK  [0m] Started ACPI Events Check.
[[0;32m  OK  [0m] Reached target Paths.
ci-info: +--------+-------+----------------------------+---------------+--------+-------------------+
[    9.938463]          cloud-initStarting LXD - unix socket.[941]: 
ci-info: +++++++++++++++++++++++++++Route IPv4 info++++++++++++++++++++++++++++
[    9.953046] [cloud-init[0;32m  OK  [0m[941]: ] ci-info: +-------+-------------+----------+---------------+-----------+-------+Started Daily Cleanup of Temporary Directories.

[    9.988624] cloud-init[[0;32m  OK  [0m] Listening on UUID daemon activation socket.
         Starting Socket activation for snappy daemon.
[[0;32m  OK  [0m] Started Daily apt download activities.
[[0;32m  OK  [0m] Started Daily apt upgrade and clean activities.
[941]: ci-info: | Route | Destination | Gateway  |    Genmask    | Interface | Flags |
[   10.000116] [[0;32m  OK  [0m] Reached target Timers.
cloud-init[941]: ci-info: +-------+-------------+----------+---------------+-----------+-------+
[   10.006514] cloud-init[941]: ci-info: |   0   |   0.0.0.0   | 10.0.2.2 |    0.0.0.0    |   enp0s3  |   UG  |
[   10.010827] cloud-init[941]: ci-info: |   1   |   10.0.2.0  | 0.0.0.0  | 255.255.255.0 |   enp0s3  |   U   |
[   10.015027] cloud-init[[0;32m  OK  [0m] Listening on LXD - unix socket.
[[0;32m  OK  [0m] Listening on Socket activation for snappy daemon.
[941]: ci-info: +-------+-------------+----------+---------------+-----------+-------+
[   10.028926] cloud-init[941]: ci-info: +++++++++++++++++++Route IPv6 info+++++++++++++++++++
[[0;32m  OK  [0m] Started iSCSI initiator daemon (iscsid).
[   10.036484] cloud-init[941]: ci-info: +-------+-------------+---------+-----------+-------+
[   10.046667] cloud-init[941]: ci-info: | Route | Destination | Gateway | Interface | Flags |
[   10.052887] cloud-init[941]: ci-info: +-------+-------------+---------+-----------+-------+
[   10.082198]          cloud-initStarting Login to default iSCSI targets...[941]: 
ci-info: |   0   |  fe80::/64  |    ::   |   enp0s3  |   U   |
[   10.099269] [cloud-init[0;32m  OK  [0m[941]: ] ci-info: |   3   |   ff00::/8  |    ::   |   enp0s3  |   U   |Reached target Sockets.

[   10.113189] [[0;32m  OK  [0m] Reached target Basic System.
cloud-init[941]: ci-info: +-------+-------------+---------+-----------+-------+
[   10.120573] cloud-init[941]: Generating public/private rsa key pair.
[   10.125845] cloud-init[941]: Your identification has been saved in /etc/ssh/ssh_host_rsa_key.
         Starting Virtualbox guest utils...
[   10.140350] cloud-init[941]: Your public key has been saved in /etc/ssh/ssh_host_rsa_key.pub.
[   10.144442] cloud-init[941]: The key fingerprint is:
[   10.144879] cloud-init[941]: SHA256:Xobo3I9s4PycT5mNDwBBOBU/A0+aGGliNjJ7ryl5ruM root@ubuntu-xenial
[   10.144933] cloud-init[941]: The key's randomart image is:
[   10.144977] cloud-init[941]: +---[RSA 2048]----+
[   10.145027] cloud-init[941]: |    .=*..        |
[   10.145099] cloud-init[941]: |o = =o O         |
[   10.145159] cloud-init[941]: | * +..+ =        |
[   10.146036] cloud-init[941]: |. .    o +       |
[   10.146102] cloud-init[941]: | . .  . S o      |
[   10.146147] cloud-init[941]: |    .o.o + =     |
[   10.146187] cloud-init[941]: | . o oo.o * .    |
[   10.146243] cloud-init[941]: |+ +   oo.= o     |
[   10.146290] cloud-init[941]: |oE.    o*.o .    |
[   10.146338] cloud-init[941]: +----[SHA256]-----+
         Starting LSB: Record successful boot for GRUB...
[   10.146423] cloud-init[941]: Generating public/private dsa key pair.
[   10.216337] cloud-init[941]: Your identification has been saved in /etc/ssh/ssh_host_dsa_key.
[   10.216854] [cloud-init[0;32m  OK  [0m[941]: ] Your public key has been saved in /etc/ssh/ssh_host_dsa_key.pub.Started Deferred execution scheduler.

[   10.218027] cloud-init[941]: The key fingerprint is:
[   10.233574] cloud-init[941]: SHA256:pGSO9M5+tBYJs8sPfrXyFYTuDRjD5BrnkDOzAnJCC6U root@ubuntu-xenial
[   10.252410] cloud-init[941]: The key's randomart image is:
[   10.253018] cloud-init[941]: +---[DSA 1024]----+
[   10.255210] cloud-init[941]: |.o.     .        |
[   10.255250] cloud-init[941]: |o..    =   .     |
[   10.257459] cloud-init[941]: |E.o . X B . .    |
         Starting Accounts Service...
[   10.257512] cloud-init[941]: | + o *o& = .     |
[   10.270799] cloud-init[941]: |    o *+S.o .    |
[   10.271498] cloud-init[941]: |     +. +..o .   |
         Starting Login Service...
[   10.273419] cloud-init[941]: |     .+o +..o    |
[   10.289060] cloud-init[941]: |     oo.* ..     |
[   10.312399] cloud-init[941]: |      o=.o.      |
         [   10.312853] Starting System Logging Service...cloud-init
[941]: +----[SHA256]-----+
[   10.313469] cloud-init[941]: Generating public/private ecdsa key pair.
[   10.352565] cloud-init[941]: Your identification has been saved in /etc/ssh/ssh_host_ecdsa_key.
[   10.380384] cloud-init[941]: Your public key has been saved in /etc/ssh/ssh_host_ecdsa_key.pub.
[[0;32m  OK  [0m] Started FUSE filesystem for LXC.
[   10.381029] cloud-init[941]: The key fingerprint is:
[   10.393611] cloud-init[941]: SHA256:jXB6DyhTBaBkPe5Naf6XdWRLITBKNJ/qXouf5rctkeY root@ubuntu-xenial
[   10.398820] cloud-init[941]: The key's randomart image is:
[   10.399250] cloud-init[941]: +---[ECDSA 256]---+         Starting Snappy daemon...

         [   10.432638] Starting LSB: MD monitoring daemon...cloud-init
[941]: |  o....o= o.     |
[   10.480475] cloud-init[941]: | o .o  o + o. .  |
[   10.481168] cloud-init[941]: |  .. .o.o o  . . |
         Starting /etc/rc.local Compatibility...
[   10.481767] cloud-init[941]: |    ..+= +    +  |
[   10.506359] cloud-init[941]: |   .o=o S .  = . |
[   10.507930] cloud-init[941]: |    .ooo o  = o  |
[   10.509503] cloud-init[941]: |       .. o= o   |
[   10.511160] cloud-init[941]: |       ..o+oE.   |
[   10.512918] cloud-init[941]: |        o==..o.  |
[   10.514622] cloud-init[941]: +----[SHA256]-----+
[   10.528406] cloud-init[941]: Generating public/private ed25519 key pair.
[   10.528842] cloud-init[941]: Your identification has been saved in /etc/ssh/ssh_host_ed25519_key.
[[0;32m  OK  [0m] Started Regular background program processing daemon.
[   10.529249] cloud-init[941]: Your public key has been saved in /etc/ssh/ssh_host_ed25519_key.pub.
[   10.586311] cloud-init[941]: The key fingerprint is:
[   10.589338] cloud-init[941]: SHA256:vhVNFD9OtL8Gd7+YtwfP/IewrKlX2SrdXiSHygkc2m0 root@ubuntu-xenial
[   10.593873] cloud-init[941]: The key's randomart image is:
[   10.598145] cloud-init[941]: +--[ED25519 256]--+
         [   10.602918] cloud-init[941]: |            o..  |
[   10.604109] cloud-init[941]: |           . o . |
Starting Pollinate to seed the pseudo random number generator...
[[0;32m  OK  [0m] Started D-Bus System Message Bus.
[   10.605649] cloud-init[941]: |          . . =  |
[   10.629875] cloud-init[941]: |         + = o + |
[   10.648143] [cloud-init[0;32m  OK  [0m[941]: ] |        S = E++.=|Started ACPI event daemon.

[   10.668511] [[0;32m  OK  [0m] Started Unattended Upgrades Shutdown.
         cloud-initStarting LXD - container startup/shutdown...
[941]: |       .   =+o=++|
[   10.677703] cloud-init[941]: |        . .++= Oo|
[   10.678291] cloud-init[941]: |         oo.= *oB|
[   10.679018] cloud-init[941]: |        oooo +oo*|
[   10.679581] cloud-init[941]: +----[SHA256]-----+
[[0;32m  OK  [0m] Started System Logging Service.
[[0;32m  OK  [0m] Started Snappy daemon.
[[0;32m  OK  [0m] Started /etc/rc.local Compatibility.
[[0;32m  OK  [0m] Started Login to default iSCSI targets.
[[0;32m  OK  [0m] Started LSB: MD monitoring daemon.
[[0;32m  OK  [0m] Started LSB: Record successful boot for GRUB.
[[0;32m  OK  [0m] Started Login Service.
         Starting Authenticate and Authorize Users to Run Privileged Tasks...
[[0;32m  OK  [0m] Reached target Remote File Systems (Pre).
[[0;32m  OK  [0m] Reached target Remote File Systems.
         Starting LSB: daemon to balance interrupts for SMP systems...
         Starting LSB: Set the CPU Frequency Scaling governor to "ondemand"...
         Starting Permit User Sessions...
         Starting LSB: automatic crash report generation...
         Starting Wait until snapd is fully seeded...
[[0;32m  OK  [0m] Started Virtualbox guest utils.
[[0;32m  OK  [0m] Started LXD - container startup/shutdown.
[[0;32m  OK  [0m] Started Permit User Sessions.
[[0;32m  OK  [0m] Started Authenticate and Authorize Users to Run Privileged Tasks.
[[0;32m  OK  [0m] Started Accounts Service.
         Starting Terminate Plymouth Boot Screen...
         Starting Hold until boot process finishes up...
[[0;32m  OK  [0m] Started LSB: daemon to balance interrupts for SMP systems.
[[0;32m  OK  [0m] Started LSB: Set the CPU Frequency Scaling governor to "ondemand".
[[0;32m  OK  [0m] Started Terminate Plymouth Boot Screen.
[[0;32m  OK  [0m] Started Hold until boot process finishes up.
         Starting Set console scheme...
[[0;32m  OK  [0m] Started Serial Getty on ttyS0.
[[0;32m  OK  [0m] Started Getty on tty1.
[[0;32m  OK  [0m] Reached target Login Prompts.
[[0;32m  OK  [0m] Started LSB: automatic crash report generation.
[[0;32m  OK  [0m] Started Set console scheme.
[[0;32m  OK  [0m] Started Pollinate to seed the pseudo random number generator.
         Starting OpenBSD Secure Shell server...
[[0;32m  OK  [0m] Started OpenBSD Secure Shell server.
[[0;32m  OK  [0m] Created slice User Slice of vagrant.
         Starting User Manager for UID 1000...
[[0;32m  OK  [0m] Started Session 1 of user vagrant.
[[0;32m  OK  [0m] Started User Manager for UID 1000.
         Stopping User Manager for UID 1000...
[[0;32m  OK  [0m] Stopped User Manager for UID 1000.
[[0;32m  OK  [0m] Removed slice User Slice of vagrant.
[[0;32m  OK  [0m] Created slice User Slice of vagrant.
[[0;32m  OK  [0m] Started Wait until snapd is fully seeded.
         Starting User Manager for UID 1000...
[[0;32m  OK  [0m] Reached target Multi-User System.
[[0;32m  OK  [0m] Reached target Graphical Interface.
         Starting Update UTMP about System Runlevel Changes...
         Starting Apply the settings specified in cloud-config...
[[0;32m  OK  [0m] Started User Manager for UID 1000.
[[0;32m  OK  [0m] Started Update UTMP about System Runlevel Changes.
[[0;32m  OK  [0m] Started Session 2 of user vagrant.
[   13.441590] cloud-init[1471]: Generating locales (this might take a while)...
[   14.140254] cloud-init[1471]:   en_US.UTF-8... done
[   14.150572] cloud-init[1471]: Generation complete.
         Starting Hostname Service...
[[0;32m  OK  [0m] Started Hostname Service.
[   14.410685] cloud-init[1471]: Cloud-init v. 18.3-9-g2e62cb8a-0ubuntu1~16.04.2 running 'modules:config' at Mon, 03 Sep 2018 00:47:49 +0000. Up 13.34 seconds.
[[0;32m  OK  [0m] Started Apply the settings specified in cloud-config.
         Starting Execute cloud user/final scripts...
ci-info: no authorized ssh keys fingerprints found for user ubuntu.
<14>Sep  3 00:47:50 ec2: 
<14>Sep  3 00:47:50 ec2: #############################################################
<14>Sep  3 00:47:50 ec2: -----BEGIN SSH HOST KEY FINGERPRINTS-----
<14>Sep  3 00:47:50 ec2: 1024 SHA256:pGSO9M5+tBYJs8sPfrXyFYTuDRjD5BrnkDOzAnJCC6U root@ubuntu-xenial (DSA)
<14>Sep  3 00:47:50 ec2: 256 SHA256:jXB6DyhTBaBkPe5Naf6XdWRLITBKNJ/qXouf5rctkeY root@ubuntu-xenial (ECDSA)
<14>Sep  3 00:47:50 ec2: 256 SHA256:vhVNFD9OtL8Gd7+YtwfP/IewrKlX2SrdXiSHygkc2m0 root@ubuntu-xenial (ED25519)
<14>Sep  3 00:47:50 ec2: 2048 SHA256:Xobo3I9s4PycT5mNDwBBOBU/A0+aGGliNjJ7ryl5ruM root@ubuntu-xenial (RSA)
<14>Sep  3 00:47:50 ec2: -----END SSH HOST KEY FINGERPRINTS-----
<14>Sep  3 00:47:50 ec2: #############################################################
-----BEGIN SSH HOST KEY KEYS-----
ecdsa-sha2-nistp256 AAAAE2VjZHNhLXNoYTItbmlzdHAyNTYAAAAIbmlzdHAyNTYAAABBBNpz6AhbGytwHe13SstRbDPF+b7n6v0di7oRyvG/XbRd7D+7FTtXAhjYHSW+7gKnQgfh2aXA17FDkgr8nRAJFE0= root@ubuntu-xenial
ssh-ed25519 AAAAC3NzaC1lZDI1NTE5AAAAIGEOPm0WlK3emgXcwQHX5VZr8jQEw9aoFfjZm2k20Q2/ root@ubuntu-xenial
ssh-rsa AAAAB3NzaC1yc2EAAAADAQABAAABAQDQ/gYB3hRawUH7a5yATiAWyPZLj6igcQu+8yt7p1kRF8cVTvGMFTCUPAyWTUS68WLeAH7vsXfdHW4Ghm09fyYr5NreMCWXBDNrNasFMsX4VvtpuV0At+TfkVjZO9i0M0X+pnfxGdUIc/BQ27Cre+UqaPDxcHKU/O4YqlJdq9zatleIkznhmW4eLMl8FfbuRB8SQFjg5m6nX9tUexU4wIclTam6SvvfOCklP3qeAEaVYYGJKC4KNM8iJ4395PX502ZRZOW7FGmnmf4OHv8Lr9ZxRAaaMqhOsxyTC98GZEre7/tgAe6fTQEggL5VG9SeBnXV447t/XkiP7cArKEGFiQX root@ubuntu-xenial
-----END SSH HOST KEY KEYS-----
[   15.051685] cloud-init[1593]: Cloud-init v. 18.3-9-g2e62cb8a-0ubuntu1~16.04.2 running 'modules:final' at Mon, 03 Sep 2018 00:47:50 +0000. Up 14.72 seconds.
[   15.064640] cloud-init[1593]: ci-info: no authorized ssh keys fingerprints found for user ubuntu.
[   15.070662] cloud-init[1593]: Cloud-init v. 18.3-9-g2e62cb8a-0ubuntu1~16.04.2 finished at Mon, 03 Sep 2018 00:47:50 +0000. Datasource DataSourceNoCloud [seed=/dev/sdb][dsmode=net].  Up 15.04 seconds
[[0;32m  OK  [0m] Started Execute cloud user/final scripts.
[[0;32m  OK  [0m] Reached target Cloud-init target.

Ubuntu 16.04.5 LTS alpha ttyS0

alpha login: 